This is XeTeX, Version 3.141592653-2.6-0.999997 (MiKTeX 25.12) (preloaded format=xelatex.fmt)
 restricted \write18 enabled.
entering extended mode
(main.tex
LaTeX2e <2025-11-01>
L3 programming layer <2025-12-24>
(C:\Users\22314\AppData\Local\Programs\MiKTeX\tex/latex/ctex\ctexart.cls
(C:\Users\22314\AppData\Local\Programs\MiKTeX\tex/latex/ctex/config\ctexbackend
.cfg)
(C:\Users\22314\AppData\Local\Programs\MiKTeX\tex/latex/l3kernel\expl3.sty
(C:\Users\22314\AppData\Local\Programs\MiKTeX\tex/latex/l3backend\l3backend-xet
ex.def))
Document Class: ctexart 2022/07/14 v2.5.10 Chinese adapter for class article (C
TEX)
(C:\Users\22314\AppData\Local\Programs\MiKTeX\tex/latex/ctex\ctexhook.sty)
(C:\Users\22314\AppData\Local\Programs\MiKTeX\tex/latex/ctex\ctexpatch.sty)
(C:\Users\22314\AppData\Local\Programs\MiKTeX\tex/latex/base\fix-cm.sty
(C:\Users\22314\AppData\Local\Programs\MiKTeX\tex/latex/base\ts1enc.def))
(C:\Users\22314\AppData\Local\Programs\MiKTeX\tex/latex/ctex/config\ctexopts.cf
g) (C:\Users\22314\AppData\Local\Programs\MiKTeX\tex/latex/base\article.cls
Document Class: article 2025/01/22 v1.4n Standard LaTeX document class
(C:\Users\22314\AppData\Local\Programs\MiKTeX\tex/latex/base\size12.clo))
(C:\Users\22314\AppData\Local\Programs\MiKTeX\tex/latex/ctex/engine\ctex-engine
-xetex.def
(C:\Users\22314\AppData\Local\Programs\MiKTeX\tex/xelatex/xecjk\xeCJK.sty
(C:\Users\22314\AppData\Local\Programs\MiKTeX\tex/latex/l3packages/xtemplate\xt
emplate.sty)
(C:\Users\22314\AppData\Local\Programs\MiKTeX\tex/latex/fontspec\fontspec.sty
(C:\Users\22314\AppData\Local\Programs\MiKTeX\tex/latex/l3packages/xparse\xpars
e.sty)
(C:\Users\22314\AppData\Local\Programs\MiKTeX\tex/latex/fontspec\fontspec-xetex
.sty (C:\Users\22314\AppData\Local\Programs\MiKTeX\tex/latex/base\fontenc.sty)
(C:\Users\22314\AppData\Local\Programs\MiKTeX\tex/latex/fontspec\fontspec.cfg))
) (C:\Users\22314\AppData\Local\Programs\MiKTeX\tex/xelatex/xecjk\xeCJK.cfg)))
(C:\Users\22314\AppData\Local\Programs\MiKTeX\tex/latex/zhnumber\zhnumber.sty
(C:\Users\22314\AppData\Local\Programs\MiKTeX\tex/latex/zhnumber\zhnumber-utf8.
cfg))
(C:\Users\22314\AppData\Local\Programs\MiKTeX\tex/latex/ctex/scheme\ctex-scheme
-chinese-article.def
(C:\Users\22314\AppData\Local\Programs\MiKTeX\tex/latex/ctex/config\ctex-name-u
tf8.cfg))
(C:\Users\22314\AppData\Local\Programs\MiKTeX\tex/latex/ctex/fontset\ctex-fonts
et-windows.def))
(C:\Users\22314\AppData\Local\Programs\MiKTeX\tex/latex/ctex/config\ctex.cfg)
(C:\Users\22314\AppData\Local\Programs\MiKTeX\tex/latex/geometry\geometry.sty
(C:\Users\22314\AppData\Local\Programs\MiKTeX\tex/latex/graphics\keyval.sty)
(C:\Users\22314\AppData\Local\Programs\MiKTeX\tex/generic/iftex\ifvtex.sty
(C:\Users\22314\AppData\Local\Programs\MiKTeX\tex/generic/iftex\iftex.sty))
(C:\Users\22314\AppData\Local\Programs\MiKTeX\tex/latex/geometry\geometry.cfg))
(C:\Users\22314\AppData\Local\Programs\MiKTeX\tex/latex/fancyhdr\fancyhdr.sty)
(C:\Users\22314\AppData\Local\Programs\MiKTeX\tex/latex/setspace\setspace.sty)
(C:\Users\22314\AppData\Local\Programs\MiKTeX\tex/latex/xcolor\xcolor.sty
(C:\Users\22314\AppData\Local\Programs\MiKTeX\tex/latex/graphics-cfg\color.cfg)
(C:\Users\22314\AppData\Local\Programs\MiKTeX\tex/latex/graphics-def\xetex.def)
 (C:\Users\22314\AppData\Local\Programs\MiKTeX\tex/latex/graphics\mathcolor.ltx
))
(C:\Users\22314\AppData\Local\Programs\MiKTeX\tex/latex/hyperref\hyperref.sty
(C:\Users\22314\AppData\Local\Programs\MiKTeX\tex/latex/kvsetkeys\kvsetkeys.sty
)
(C:\Users\22314\AppData\Local\Programs\MiKTeX\tex/generic/kvdefinekeys\kvdefine
keys.sty)
(C:\Users\22314\AppData\Local\Programs\MiKTeX\tex/generic/pdfescape\pdfescape.s
ty
(C:\Users\22314\AppData\Local\Programs\MiKTeX\tex/generic/ltxcmds\ltxcmds.sty)
(C:\Users\22314\AppData\Local\Programs\MiKTeX\tex/generic/pdftexcmds\pdftexcmds
.sty
(C:\Users\22314\AppData\Local\Programs\MiKTeX\tex/generic/infwarerr\infwarerr.s
ty)))
(C:\Users\22314\AppData\Local\Programs\MiKTeX\tex/latex/hycolor\hycolor.sty)
(C:\Users\22314\AppData\Local\Programs\MiKTeX\tex/latex/hyperref\nameref.sty
(C:\Users\22314\AppData\Local\Programs\MiKTeX\tex/latex/refcount\refcount.sty)
(C:\Users\22314\AppData\Local\Programs\MiKTeX\tex/generic/gettitlestring\gettit
lestring.sty
(C:\Users\22314\AppData\Local\Programs\MiKTeX\tex/latex/kvoptions\kvoptions.sty
)))
(C:\Users\22314\AppData\Local\Programs\MiKTeX\tex/latex/etoolbox\etoolbox.sty)
(C:\Users\22314\AppData\Local\Programs\MiKTeX\tex/generic/stringenc\stringenc.s
ty) (C:\Users\22314\AppData\Local\Programs\MiKTeX\tex/latex/hyperref\pd1enc.def
) (C:\Users\22314\AppData\Local\Programs\MiKTeX\tex/generic/intcalc\intcalc.sty
) (C:\Users\22314\AppData\Local\Programs\MiKTeX\tex/latex/hyperref\puenc.def)
(C:\Users\22314\AppData\Local\Programs\MiKTeX\tex/latex/url\url.sty)
(C:\Users\22314\AppData\Local\Programs\MiKTeX\tex/generic/bitset\bitset.sty
(C:\Users\22314\AppData\Local\Programs\MiKTeX\tex/generic/bigintcalc\bigintcalc
.sty)))
(C:\Users\22314\AppData\Local\Programs\MiKTeX\tex/latex/hyperref\hxetex.def
(C:\Users\22314\AppData\Local\Programs\MiKTeX\tex/latex/rerunfilecheck\rerunfil
echeck.sty
(C:\Users\22314\AppData\Local\Programs\MiKTeX\tex/generic/uniquecounter\uniquec
ounter.sty)))
(C:\Users\22314\AppData\Local\Programs\MiKTeX\tex/latex/listings\listings.sty
(C:\Users\22314\AppData\Local\Programs\MiKTeX\tex/latex/listings\lstpatch.sty)
(C:\Users\22314\AppData\Local\Programs\MiKTeX\tex/latex/listings\lstmisc.sty)
(C:\Users\22314\AppData\Local\Programs\MiKTeX\tex/latex/listings\listings.cfg))

(C:\Users\22314\AppData\Local\Programs\MiKTeX\tex/xelatex/xecjk\xeCJK-listings.
sty)
==> First Aid for listings.sty no longer applied!
    Expected:
        2024/09/23 1.10c (Carsten Heinz)
    but found:
        2025/11/14 1.11b (Carsten Heinz)
    so I'm assuming it got fixed.

(C:\Users\22314\AppData\Local\Programs\MiKTeX\tex/latex/algorithms\algorithm.st
y (C:\Users\22314\AppData\Local\Programs\MiKTeX\tex/latex/float\float.sty)
(C:\Users\22314\AppData\Local\Programs\MiKTeX\tex/latex/base\ifthen.sty))
(C:\Users\22314\AppData\Local\Programs\MiKTeX\tex/latex/algorithmicx\algpseudoc
ode.sty
(C:\Users\22314\AppData\Local\Programs\MiKTeX\tex/latex/algorithmicx\algorithmi
cx.sty
Document Style algorithmicx 1.2 - a greatly improved `algorithmic' style
)
Document Style - pseudocode environments for use with the `algorithmicx' style
) (C:\Users\22314\AppData\Local\Programs\MiKTeX\tex/latex/booktabs\booktabs.sty
) (C:\Users\22314\AppData\Local\Programs\MiKTeX\tex/latex/tools\tabularx.sty
(C:\Users\22314\AppData\Local\Programs\MiKTeX\tex/latex/tools\array.sty))
(C:\Users\22314\AppData\Local\Programs\MiKTeX\tex/latex/tools\longtable.sty)
(C:\Users\22314\AppData\Local\Programs\MiKTeX\tex/latex/multirow\multirow.sty)
(C:\Users\22314\AppData\Local\Programs\MiKTeX\tex/latex/graphics\graphicx.sty
(C:\Users\22314\AppData\Local\Programs\MiKTeX\tex/latex/graphics\graphics.sty
(C:\Users\22314\AppData\Local\Programs\MiKTeX\tex/latex/graphics\trig.sty)
(C:\Users\22314\AppData\Local\Programs\MiKTeX\tex/latex/graphics-cfg\graphics.c
fg)))
(C:\Users\22314\AppData\Local\Programs\MiKTeX\tex/latex/pgf/frontendlayer\tikz.
sty
(C:\Users\22314\AppData\Local\Programs\MiKTeX\tex/latex/pgf/basiclayer\pgf.sty
(C:\Users\22314\AppData\Local\Programs\MiKTeX\tex/latex/pgf/utilities\pgfrcs.st
y
(C:\Users\22314\AppData\Local\Programs\MiKTeX\tex/generic/pgf/utilities\pgfutil
-common.tex)
(C:\Users\22314\AppData\Local\Programs\MiKTeX\tex/generic/pgf/utilities\pgfutil
-latex.def)
(C:\Users\22314\AppData\Local\Programs\MiKTeX\tex/generic/pgf/utilities\pgfrcs.
code.tex
(C:\Users\22314\AppData\Local\Programs\MiKTeX\tex/generic/pgf\pgf.revision.tex)
))
(C:\Users\22314\AppData\Local\Programs\MiKTeX\tex/latex/pgf/basiclayer\pgfcore.
sty
(C:\Users\22314\AppData\Local\Programs\MiKTeX\tex/latex/pgf/systemlayer\pgfsys.
sty
(C:\Users\22314\AppData\Local\Programs\MiKTeX\tex/generic/pgf/systemlayer\pgfsy
s.code.tex
(C:\Users\22314\AppData\Local\Programs\MiKTeX\tex/generic/pgf/utilities\pgfkeys
.code.tex
(C:\Users\22314\AppData\Local\Programs\MiKTeX\tex/generic/pgf/utilities\pgfkeys
libraryfiltered.code.tex))
(C:\Users\22314\AppData\Local\Programs\MiKTeX\tex/generic/pgf/systemlayer\pgf.c
fg)
(C:\Users\22314\AppData\Local\Programs\MiKTeX\tex/generic/pgf/systemlayer\pgfsy
s-xetex.def
(C:\Users\22314\AppData\Local\Programs\MiKTeX\tex/generic/pgf/systemlayer\pgfsy
s-dvipdfmx.def
(C:\Users\22314\AppData\Local\Programs\MiKTeX\tex/generic/pgf/systemlayer\pgfsy
s-common-pdf.def))))
(C:\Users\22314\AppData\Local\Programs\MiKTeX\tex/generic/pgf/systemlayer\pgfsy
ssoftpath.code.tex)
(C:\Users\22314\AppData\Local\Programs\MiKTeX\tex/generic/pgf/systemlayer\pgfsy
sprotocol.code.tex))
(C:\Users\22314\AppData\Local\Programs\MiKTeX\tex/generic/pgf/basiclayer\pgfcor
e.code.tex
(C:\Users\22314\AppData\Local\Programs\MiKTeX\tex/generic/pgf/math\pgfmath.code
.tex
(C:\Users\22314\AppData\Local\Programs\MiKTeX\tex/generic/pgf/math\pgfmathutil.
code.tex)
(C:\Users\22314\AppData\Local\Programs\MiKTeX\tex/generic/pgf/math\pgfmathparse
r.code.tex)
(C:\Users\22314\AppData\Local\Programs\MiKTeX\tex/generic/pgf/math\pgfmathfunct
ions.code.tex)
(C:\Users\22314\AppData\Local\Programs\MiKTeX\tex/generic/pgf/math\pgfmathfunct
ions.basic.code.tex)
(C:\Users\22314\AppData\Local\Programs\MiKTeX\tex/generic/pgf/math\pgfmathfunct
ions.trigonometric.code.tex)
(C:\Users\22314\AppData\Local\Programs\MiKTeX\tex/generic/pgf/math\pgfmathfunct
ions.random.code.tex)
(C:\Users\22314\AppData\Local\Programs\MiKTeX\tex/generic/pgf/math\pgfmathfunct
ions.comparison.code.tex)
(C:\Users\22314\AppData\Local\Programs\MiKTeX\tex/generic/pgf/math\pgfmathfunct
ions.base.code.tex)
(C:\Users\22314\AppData\Local\Programs\MiKTeX\tex/generic/pgf/math\pgfmathfunct
ions.round.code.tex)
(C:\Users\22314\AppData\Local\Programs\MiKTeX\tex/generic/pgf/math\pgfmathfunct
ions.misc.code.tex)
(C:\Users\22314\AppData\Local\Programs\MiKTeX\tex/generic/pgf/math\pgfmathfunct
ions.integerarithmetics.code.tex)
(C:\Users\22314\AppData\Local\Programs\MiKTeX\tex/generic/pgf/math\pgfmathcalc.
code.tex)
(C:\Users\22314\AppData\Local\Programs\MiKTeX\tex/generic/pgf/math\pgfmathfloat
.code.tex))
(C:\Users\22314\AppData\Local\Programs\MiKTeX\tex/generic/pgf/math\pgfint.code.
tex)
(C:\Users\22314\AppData\Local\Programs\MiKTeX\tex/generic/pgf/basiclayer\pgfcor
epoints.code.tex)
(C:\Users\22314\AppData\Local\Programs\MiKTeX\tex/generic/pgf/basiclayer\pgfcor
epathconstruct.code.tex)
(C:\Users\22314\AppData\Local\Programs\MiKTeX\tex/generic/pgf/basiclayer\pgfcor
epathusage.code.tex)
(C:\Users\22314\AppData\Local\Programs\MiKTeX\tex/generic/pgf/basiclayer\pgfcor
escopes.code.tex)
(C:\Users\22314\AppData\Local\Programs\MiKTeX\tex/generic/pgf/basiclayer\pgfcor
egraphicstate.code.tex)
(C:\Users\22314\AppData\Local\Programs\MiKTeX\tex/generic/pgf/basiclayer\pgfcor
etransformations.code.tex)
(C:\Users\22314\AppData\Local\Programs\MiKTeX\tex/generic/pgf/basiclayer\pgfcor
equick.code.tex)
(C:\Users\22314\AppData\Local\Programs\MiKTeX\tex/generic/pgf/basiclayer\pgfcor
eobjects.code.tex)
(C:\Users\22314\AppData\Local\Programs\MiKTeX\tex/generic/pgf/basiclayer\pgfcor
epathprocessing.code.tex)
(C:\Users\22314\AppData\Local\Programs\MiKTeX\tex/generic/pgf/basiclayer\pgfcor
earrows.code.tex)
(C:\Users\22314\AppData\Local\Programs\MiKTeX\tex/generic/pgf/basiclayer\pgfcor
eshade.code.tex)
(C:\Users\22314\AppData\Local\Programs\MiKTeX\tex/generic/pgf/basiclayer\pgfcor
eimage.code.tex)
(C:\Users\22314\AppData\Local\Programs\MiKTeX\tex/generic/pgf/basiclayer\pgfcor
eexternal.code.tex)
(C:\Users\22314\AppData\Local\Programs\MiKTeX\tex/generic/pgf/basiclayer\pgfcor
elayers.code.tex)
(C:\Users\22314\AppData\Local\Programs\MiKTeX\tex/generic/pgf/basiclayer\pgfcor
etransparency.code.tex)
(C:\Users\22314\AppData\Local\Programs\MiKTeX\tex/generic/pgf/basiclayer\pgfcor
epatterns.code.tex)
(C:\Users\22314\AppData\Local\Programs\MiKTeX\tex/generic/pgf/basiclayer\pgfcor
erdf.code.tex)))
(C:\Users\22314\AppData\Local\Programs\MiKTeX\tex/generic/pgf/modules\pgfmodule
shapes.code.tex)
(C:\Users\22314\AppData\Local\Programs\MiKTeX\tex/generic/pgf/modules\pgfmodule
plot.code.tex)
(C:\Users\22314\AppData\Local\Programs\MiKTeX\tex/latex/pgf/compatibility\pgfco
mp-version-0-65.sty)
(C:\Users\22314\AppData\Local\Programs\MiKTeX\tex/latex/pgf/compatibility\pgfco
mp-version-1-18.sty))
(C:\Users\22314\AppData\Local\Programs\MiKTeX\tex/latex/pgf/utilities\pgffor.st
y
(C:\Users\22314\AppData\Local\Programs\MiKTeX\tex/latex/pgf/utilities\pgfkeys.s
ty
(C:\Users\22314\AppData\Local\Programs\MiKTeX\tex/generic/pgf/utilities\pgfkeys
.code.tex))
(C:\Users\22314\AppData\Local\Programs\MiKTeX\tex/latex/pgf/math\pgfmath.sty
(C:\Users\22314\AppData\Local\Programs\MiKTeX\tex/generic/pgf/math\pgfmath.code
.tex))
(C:\Users\22314\AppData\Local\Programs\MiKTeX\tex/generic/pgf/utilities\pgffor.
code.tex))
(C:\Users\22314\AppData\Local\Programs\MiKTeX\tex/generic/pgf/frontendlayer/tik
z\tikz.code.tex
(C:\Users\22314\AppData\Local\Programs\MiKTeX\tex/generic/pgf/libraries\pgflibr
aryplothandlers.code.tex)
(C:\Users\22314\AppData\Local\Programs\MiKTeX\tex/generic/pgf/modules\pgfmodule
matrix.code.tex)
(C:\Users\22314\AppData\Local\Programs\MiKTeX\tex/generic/pgf/frontendlayer/tik
z/libraries\tikzlibrarytopaths.code.tex)))
(C:\Users\22314\AppData\Local\Programs\MiKTeX\tex/generic/pgf/frontendlayer/tik
z/libraries\tikzlibraryshapes.geometric.code.tex
(C:\Users\22314\AppData\Local\Programs\MiKTeX\tex/generic/pgf/libraries/shapes\
pgflibraryshapes.geometric.code.tex))
(C:\Users\22314\AppData\Local\Programs\MiKTeX\tex/generic/pgf/libraries\pgflibr
aryarrows.meta.code.tex)
(C:\Users\22314\AppData\Local\Programs\MiKTeX\tex/generic/pgf/frontendlayer/tik
z/libraries\tikzlibrarypositioning.code.tex)
(C:\Users\22314\AppData\Local\Programs\MiKTeX\tex/generic/pgf/frontendlayer/tik
z/libraries\tikzlibrarycalc.code.tex)
(C:\Users\22314\AppData\Local\Programs\MiKTeX\tex/latex/pgfplots\pgfplots.sty
(C:\Users\22314\AppData\Local\Programs\MiKTeX\tex/generic/pgfplots\pgfplots.rev
ision.tex)
(C:\Users\22314\AppData\Local\Programs\MiKTeX\tex/generic/pgfplots\pgfplots.cod
e.tex
(C:\Users\22314\AppData\Local\Programs\MiKTeX\tex/generic/pgfplots\pgfplotscore
.code.tex
(C:\Users\22314\AppData\Local\Programs\MiKTeX\tex/generic/pgfplots/sys\pgfplots
sysgeneric.code.tex))
(C:\Users\22314\AppData\Local\Programs\MiKTeX\tex/generic/pgfplots/libs\pgfplot
slibrary.code.tex)
(C:\Users\22314\AppData\Local\Programs\MiKTeX\tex/generic/pgfplots/oldpgfcompat
ib\pgfplotsoldpgfsupp_loader.code.tex
(C:\Users\22314\AppData\Local\Programs\MiKTeX\tex/generic/pgf/libraries\pgflibr
aryfpu.code.tex)
Package pgfplots: loading complementary utilities for your pgf version...

(C:\Users\22314\AppData\Local\Programs\MiKTeX\tex/generic/pgfplots/oldpgfcompat
ib\pgfplotsoldpgfsupp_pgfutil-common-lists.tex))
(C:\Users\22314\AppData\Local\Programs\MiKTeX\tex/generic/pgfplots/util\pgfplot
sutil.code.tex
(C:\Users\22314\AppData\Local\Programs\MiKTeX\tex/generic/pgfplots/liststructur
e\pgfplotsliststructure.code.tex)
(C:\Users\22314\AppData\Local\Programs\MiKTeX\tex/generic/pgfplots/liststructur
e\pgfplotsliststructureext.code.tex)
(C:\Users\22314\AppData\Local\Programs\MiKTeX\tex/generic/pgfplots/liststructur
e\pgfplotsarray.code.tex)
(C:\Users\22314\AppData\Local\Programs\MiKTeX\tex/generic/pgfplots/liststructur
e\pgfplotsmatrix.code.tex)
(C:\Users\22314\AppData\Local\Programs\MiKTeX\tex/generic/pgfplots/numtable\pgf
plotstableshared.code.tex)
(C:\Users\22314\AppData\Local\Programs\MiKTeX\tex/generic/pgfplots/liststructur
e\pgfplotsdeque.code.tex)
(C:\Users\22314\AppData\Local\Programs\MiKTeX\tex/generic/pgfplots/util\pgfplot
sbinary.code.tex
(C:\Users\22314\AppData\Local\Programs\MiKTeX\tex/generic/pgfplots/util\pgfplot
sbinary.data.code.tex))
(C:\Users\22314\AppData\Local\Programs\MiKTeX\tex/generic/pgfplots/util\pgfplot
sutil.verb.code.tex)
(C:\Users\22314\AppData\Local\Programs\MiKTeX\tex/generic/pgfplots/libs\pgflibr
arypgfplots.surfshading.code.tex
(C:\Users\22314\AppData\Local\Programs\MiKTeX\tex/generic/pgfplots/sys\pgflibra
rypgfplots.surfshading.pgfsys-xetex.def
(C:\Users\22314\AppData\Local\Programs\MiKTeX\tex/generic/pgfplots/sys\pgflibra
rypgfplots.surfshading.pgfsys-dvipdfmx.def))))
(C:\Users\22314\AppData\Local\Programs\MiKTeX\tex/generic/pgfplots/util\pgfplot
scolormap.code.tex
(C:\Users\22314\AppData\Local\Programs\MiKTeX\tex/generic/pgfplots/util\pgfplot
scolor.code.tex))
(C:\Users\22314\AppData\Local\Programs\MiKTeX\tex/generic/pgfplots\pgfplotsstac
kedplots.code.tex)
(C:\Users\22314\AppData\Local\Programs\MiKTeX\tex/generic/pgfplots\pgfplotsplot
handlers.code.tex
(C:\Users\22314\AppData\Local\Programs\MiKTeX\tex/generic/pgfplots\pgfplotsmesh
plothandler.code.tex
(C:\Users\22314\AppData\Local\Programs\MiKTeX\tex/generic/pgfplots\pgfplotsmesh
plotimage.code.tex)))
(C:\Users\22314\AppData\Local\Programs\MiKTeX\tex/generic/pgfplots\pgfplots.sca
ling.code.tex)
(C:\Users\22314\AppData\Local\Programs\MiKTeX\tex/generic/pgfplots\pgfplotscoor
dprocessing.code.tex)
(C:\Users\22314\AppData\Local\Programs\MiKTeX\tex/generic/pgfplots\pgfplots.err
orbars.code.tex)
(C:\Users\22314\AppData\Local\Programs\MiKTeX\tex/generic/pgfplots\pgfplots.mar
kers.code.tex)
(C:\Users\22314\AppData\Local\Programs\MiKTeX\tex/generic/pgfplots\pgfplotstick
s.code.tex)
(C:\Users\22314\AppData\Local\Programs\MiKTeX\tex/generic/pgfplots\pgfplots.pat
hs.code.tex)
(C:\Users\22314\AppData\Local\Programs\MiKTeX\tex/generic/pgf/frontendlayer/tik
z/libraries\tikzlibrarydecorations.code.tex
(C:\Users\22314\AppData\Local\Programs\MiKTeX\tex/generic/pgf/modules\pgfmodule
decorations.code.tex))
(C:\Users\22314\AppData\Local\Programs\MiKTeX\tex/generic/pgf/frontendlayer/tik
z/libraries\tikzlibrarydecorations.pathmorphing.code.tex
(C:\Users\22314\AppData\Local\Programs\MiKTeX\tex/generic/pgf/libraries/decorat
ions\pgflibrarydecorations.pathmorphing.code.tex))
(C:\Users\22314\AppData\Local\Programs\MiKTeX\tex/generic/pgf/frontendlayer/tik
z/libraries\tikzlibrarydecorations.pathreplacing.code.tex
(C:\Users\22314\AppData\Local\Programs\MiKTeX\tex/generic/pgf/libraries/decorat
ions\pgflibrarydecorations.pathreplacing.code.tex))
(C:\Users\22314\AppData\Local\Programs\MiKTeX\tex/generic/pgfplots/libs\tikzlib
rarypgfplots.contourlua.code.tex))
(C:\Users\22314\AppData\Local\Programs\MiKTeX\tex/generic/pgf/frontendlayer/tik
z/libraries\tikzlibraryplotmarks.code.tex
(C:\Users\22314\AppData\Local\Programs\MiKTeX\tex/generic/pgf/libraries\pgflibr
aryplotmarks.code.tex)))
(C:\Users\22314\AppData\Local\Programs\MiKTeX\tex/latex/caption\caption.sty
(C:\Users\22314\AppData\Local\Programs\MiKTeX\tex/latex/caption\caption3.sty)
(C:\Users\22314\AppData\Local\Programs\MiKTeX\tex/latex/caption\ltcaption.sty))
 (C:\Users\22314\AppData\Local\Programs\MiKTeX\tex/latex/caption\subcaption.sty
) (C:\Users\22314\AppData\Local\Programs\MiKTeX\tex/latex/enumitem\enumitem.sty
) (C:\Users\22314\AppData\Local\Programs\MiKTeX\tex/latex/amsmath\amsmath.sty
For additional information on amsmath, use the `?' option.
(C:\Users\22314\AppData\Local\Programs\MiKTeX\tex/latex/amsmath\amstext.sty
(C:\Users\22314\AppData\Local\Programs\MiKTeX\tex/latex/amsmath\amsgen.sty))
(C:\Users\22314\AppData\Local\Programs\MiKTeX\tex/latex/amsmath\amsbsy.sty)
(C:\Users\22314\AppData\Local\Programs\MiKTeX\tex/latex/amsmath\amsopn.sty))
(C:\Users\22314\AppData\Local\Programs\MiKTeX\tex/latex/amsfonts\amssymb.sty
(C:\Users\22314\AppData\Local\Programs\MiKTeX\tex/latex/amsfonts\amsfonts.sty))
 (C:\Users\22314\AppData\Local\Programs\MiKTeX\tex/latex/siunitx\siunitx.sty
(C:\Users\22314\AppData\Local\Programs\MiKTeX\tex/latex/translations\translatio
ns.sty))
(C:\Users\22314\AppData\Local\Programs\MiKTeX\tex/latex/graphics\rotating.sty)
(C:\Users\22314\AppData\Local\Programs\MiKTeX\tex/latex/microtype\microtype.sty

(C:\Users\22314\AppData\Local\Programs\MiKTeX\tex/latex/microtype\microtype-xet
ex.def)
(C:\Users\22314\AppData\Local\Programs\MiKTeX\tex/latex/microtype\microtype.cfg
))
(C:\Users\22314\AppData\Local\Programs\MiKTeX\tex/latex/placeins\placeins.sty)
(main.aux)
*geometry* driver: auto-detecting
*geometry* detected driver: xetex
(main.out) (main.out)
Package pgfplots notification 'compat/show suggested version=true': document ha
s been generated with the most recent feature set (\pgfplotsset{compat=1.18}).


(C:\Users\22314\AppData\Local\Programs\MiKTeX\tex/latex/translations/dicts\tran
slations-basic-dictionary-english.trsl) (chapters/cover.tex
(C:\Users\22314\AppData\Local\Programs\MiKTeX\tex/latex/amsfonts\umsa.fd)
(C:\Users\22314\AppData\Local\Programs\MiKTeX\tex/latex/microtype\mt-msa.cfg)
(C:\Users\22314\AppData\Local\Programs\MiKTeX\tex/latex/amsfonts\umsb.fd)
(C:\Users\22314\AppData\Local\Programs\MiKTeX\tex/latex/microtype\mt-msb.cfg)
(C:\Users\22314\AppData\Local\Programs\MiKTeX\tex/latex/microtype\mt-cmr.cfg)
[1] [2] [1]) (chapters/abstract.tex

Package hyperref Warning: Token not allowed in a PDF string (Unicode):
(hyperref)                \hskip 12.0pt
(hyperref)                replaced by space on input line 4.


Overfull \hbox (24.28162pt too wide) in paragraph at lines 54--63
\TU/TimesNewRoman(0)/m/n/12 (dashboard, schedule, reschedule, resources) are im
plemented with vanilla HTML/CSS/JavaScript. 
[1] [2]) (chapters/toc.tex (main.toc [3] [4] [5] [6]) [7])
(chapters/lof_lot.tex (main.lof) [8] (main.lot) [9]) (chapters/01_intro.tex

Package hyperref Warning: Token not allowed in a PDF string (Unicode):
(hyperref)                \hskip 12.0pt
(hyperref)                replaced by space on input line 2.

[1] [2]) (chapters/02_requirement.tex [3]

Package tabularx Warning: X Columns too narrow (table too wide)
(tabularx)                 on input line 57.


Underfull \hbox (badness 10000) in paragraph at lines 57--57
\TU/TimesNewRoman(0)/m/n/10.95 1

Underfull \hbox (badness 10000) in paragraph at lines 57--57
\OMS/cmsy/m/n/10.95 ^^U$

Overfull \hbox (2.9086pt too wide) in paragraph at lines 57--57
\TU/SimSun(0)/m/n/10.95 鏁帮紱|

Underfull \hbox (badness 10000) in paragraph at lines 57--57
\TU/TimesNewRoman(0)/m/n/10.95 1

Overfull \hbox (109.77353pt too wide) in paragraph at lines 57--57
[]|\TU/lmtt/m/n/10.95 qualified_teacher_ids

Underfull \hbox (badness 10000) in paragraph at lines 57--57
\TU/SimSun(0)/m/n/10.95 甯?

Overfull \hbox (69.53229pt too wide) in paragraph at lines 57--57
\TU/lmtt/m/n/10.95 qualifications

Overfull \hbox (24.2151pt too wide) in paragraph at lines 57--57
|\TU/SimSun(0)/m/n/10.95 锛圽TU/TimesNewRoman(0)/m/n/10.95 08:00鈥?

Overfull \hbox (16.75543pt too wide) in paragraph at lines 57--57
\TU/TimesNewRoman(0)/m/n/10.95 17:30\TU/SimSun(0)/m/n/10.95 锛寍

Overfull \hbox (19.19351pt too wide) in paragraph at lines 57--57
\TU/TimesNewRoman(0)/m/n/10.95 12:00鈥?

Overfull \hbox (13.71852pt too wide) in paragraph at lines 57--57
\TU/TimesNewRoman(0)/m/n/10.95 13:30

Overfull \hbox (4.74785pt too wide) in paragraph at lines 57--57
\TU/SimSun(0)/m/n/10.95 鎺掞級|| 

Overfull \hbox (173.72504pt too wide) in alignment at lines 57--57
[][][][] 

LaTeX Warning: Float too large for page by 109.80818pt on input line 58.


LaTeX Warning: `h' float specifier changed to `ht'.

[4] [5] [6]) (chapters/03_tech.tex [7] [8] [9]
Overfull \hbox (121.34032pt too wide) in paragraph at lines 107--109
[]\TU/SimSun(0)/m/n/12 涓?闄?浣?閮?缃?闂?妲涳紝|  鏈?椤?鐩?涓?渚?璧?\TU/TimesNewRoman(0)/m/n/12
 Flask / FastAPI \TU/SimSun(0)/m/n/12 绛?妗?鏋讹紝|  鐩?鎺?浣?鐢?\TU/lmtt/m/n/12 http.ser
ver.BaseHTTPRequestHandler
[10]
Overfull \hbox (37.10983pt too wide) in paragraph at lines 160--165
\TU/SimSun(0)/m/n/12 鑷?鍔?璺?\TU/TimesNewRoman(0)/m/n/12 Python 3.11 \TU/SimSun(0
)/m/n/12 涓?\TU/TimesNewRoman(0)/m/n/12 3.12 \TU/SimSun(0)/m/n/12 鍙?鐗?鏈?娴?璇曘€倈  閰?
 缃?鏂?浠?\TU/lmtt/m/n/12 .github/workflows/classmind-tests.yml
) (chapters/04_arch.tex

LaTeX Warning: `h' float specifier changed to `ht'.

[11]

LaTeX Warning: `h' float specifier changed to `ht'.

[12]

LaTeX Warning: `h' float specifier changed to `ht'.

[13]
Underfull \hbox (badness 10000) in paragraph at lines 188--188
[]|\TU/lmtt/m/n/10.95 OPTIMAL \TU/TimesNewRoman(0)/m/n/10.95 / \TU/lmtt/m/n/10.
95 FEASIBLE \TU/TimesNewRoman(0)/m/n/10.95 / \TU/lmtt/m/n/10.95 INFEASIBLE \TU/
TimesNewRoman(0)/m/n/10.95 /
) (chapters/05_algorithm.tex [14]
Overfull \hbox (135.08574pt too wide) detected at line 77
\OML/cmm/m/it/12 Z \OT1/cmr/m/n/12 = [] + [] + []
[15] [16]
Overfull \hbox (17.16658pt too wide) in paragraph at lines 202--205
[]\TU/SimSun(0)/b/n/12 鍩?绾?瀵?榻愶細|  \TU/SimSun(0)/m/n/12 灏?$\OML/cmm/m/it/12 S[]$
 \TU/SimSun(0)/m/n/12 浣?涓?\TU/lmtt/m/n/12 baseline \TU/SimSun(0)/m/n/12 浼?鍏ワ紝|  
璁?\TU/lmtt/m/n/12 _per_lesson_soft_costs \TU/SimSun(0)/m/n/12 涓?鐨?\TU/lmtt/m/n/
12 change_cost
[17]
Underfull \hbox (badness 10000) in alignment at lines 254--254
[][][][] 
[18]) (chapters/06_detail.tex [19] [20] [21]

Package tabularx Warning: X Columns too narrow (table too wide)
(tabularx)                 on input line 176.


Overfull \hbox (32.16014pt too wide) in paragraph at lines 176--176
[]|\TU/lmtt/m/n/10.95 {status,

Overfull \hbox (32.16014pt too wide) in paragraph at lines 176--176
\TU/lmtt/m/n/10.95 service,

Overfull \hbox (29.29124pt too wide) in paragraph at lines 176--176
\TU/lmtt/m/n/10.95 solver}| 

Underfull \hbox (badness 10000) in paragraph at lines 176--176
[]|\TU/TimesNewRoman(0)/m/n/10.95 3

Overfull \hbox (8.39421pt too wide) in paragraph at lines 176--176
|\TU/SimSun(0)/m/n/10.95 锛圽TU/TimesNewRoman(0)/m/n/10.95 stu-

Overfull \hbox (93.90906pt too wide) in paragraph at lines 176--176
\TU/TimesNewRoman(0)/m/n/10.95 dent/teacher/efficiency\TU/SimSun(0)/m/n/10.95 锛?
|

Underfull \hbox (badness 10000) in paragraph at lines 176--176
\TU/TimesNewRoman(0)/m/n/10.95 +

Overfull \hbox (27.95778pt too wide) in paragraph at lines 176--176
[]|\TU/TimesNewRoman(0)/m/n/10.95 balanced

Underfull \hbox (badness 10000) in paragraph at lines 176--176
\TU/TimesNewRoman(0)/m/n/10.95 +

Overfull \hbox (15.00859pt too wide) in paragraph at lines 176--176
\TU/TimesNewRoman(0)/m/n/10.95 JSON

Overfull \hbox (13.99226pt too wide) in paragraph at lines 176--176
\TU/SimSun(0)/m/n/10.95 鍓峔TU/TimesNewRoman(0)/m/n/10.95 /\TU/SimSun(0)/m/n/10.9
5 鍚?

Underfull \hbox (badness 10000) in paragraph at lines 176--176
\TU/TimesNewRoman(0)/m/n/10.95 +

Overfull \hbox (19.73198pt too wide) in paragraph at lines 176--176
\TU/TimesNewRoman(0)/m/n/10.95 HTML

Overfull \hbox (73.98796pt too wide) in alignment at lines 176--176
[][][][] 

LaTeX Warning: Float too large for page by 96.20813pt on input line 177.


LaTeX Warning: `h' float specifier changed to `ht'.

[22] [23] [24] [25] [26]) (chapters/07_test.tex
Overfull \hbox (5.75714pt too wide) in paragraph at lines 8--10
[]\TU/SimSun(0)/b/n/12 鍗?鍏?娴?璇曪細|  \TU/SimSun(0)/m/n/12 瑕?鐩?\TU/lmtt/m/n/12 solv
er / service / validator / io \TU/SimSun(0)/m/n/12 鍥?涓?鏍?蹇?妯?鍧楋紝|  浣?鐢?\TU/Times
NewRoman(0)/m/n/12 Python
[27]
Underfull \hbox (badness 10000) in alignment at lines 147--147
[][][][][] 

LaTeX Warning: `h' float specifier changed to `ht'.

[28] [29]
Underfull \hbox (badness 10000) in alignment at lines 176--176
[][][][][] 

Underfull \hbox (badness 10000) in alignment at lines 207--207
[][][][][] 

LaTeX Warning: `h' float specifier changed to `ht'.


LaTeX Warning: `h' float specifier changed to `ht'.

[30]) (chapters/08_management.tex

Package tabularx Warning: X Columns too narrow (table too wide)
(tabularx)                 on input line 34.


Overfull \hbox (9.12143pt too wide) in paragraph at lines 34--34
\TU/TimesNewRoman(0)/m/n/10.95 60%| 

Overfull \hbox (8.84769pt too wide) in paragraph at lines 34--34
\TU/TimesNewRoman(0)/m/n/10.95 15%| 

Overfull \hbox (8.84769pt too wide) in paragraph at lines 34--34
\TU/TimesNewRoman(0)/m/n/10.95 10%| 

Overfull \hbox (8.84769pt too wide) in paragraph at lines 34--34
\TU/TimesNewRoman(0)/m/n/10.95 15%| 

Overfull \hbox (21.88467pt too wide) in alignment at lines 34--34
[][][][] 

LaTeX Warning: `h' float specifier changed to `ht'.

[31]
Underfull \hbox (badness 10000) in paragraph at lines 116--116
[]|\TU/SimSun(0)/m/n/10.95 椋?涔?搴?

Underfull \hbox (badness 10000) in paragraph at lines 116--116
\TU/SimSun(0)/m/n/10.95 鍥?璋?鍦?

Underfull \hbox (badness 10000) in paragraph at lines 116--116
[]|\TU/SimSun(0)/m/n/10.95 澶?缁?

Underfull \hbox (badness 10000) in paragraph at lines 116--116
\TU/SimSun(0)/m/n/10.95 琛?鏍?

Underfull \hbox (badness 10000) in paragraph at lines 116--116
\TU/TimesNewRoman(0)/m/n/10.95 schema\TU/SimSun(0)/m/n/10.95 銆亅

Underfull \hbox (badness 10000) in paragraph at lines 116--116
\TU/SimSun(0)/m/n/10.95 鍚?姝?鏈?

Underfull \hbox (badness 10000) in paragraph at lines 116--116
[]|\TU/SimSun(0)/m/n/10.95 娑?鎭?鍗?

Underfull \hbox (badness 10000) in paragraph at lines 116--116
\TU/SimSun(0)/m/n/10.95 鎺?閫?浠?

Underfull \hbox (badness 10000) in paragraph at lines 116--116
[]|\TU/SimSun(0)/m/n/10.95 瀹?鎵?

Underfull \hbox (badness 10000) in paragraph at lines 116--116
\TU/SimSun(0)/m/n/10.95 瀹?涔夈€亅

Underfull \hbox (badness 10000) in paragraph at lines 116--116
\TU/TimesNewRoman(0)/m/n/10.95 Web-

Underfull \hbox (badness 10000) in paragraph at lines 116--116
[]|\TU/TimesNewRoman(0)/m/n/10.95 Prompt

Underfull \hbox (badness 10000) in paragraph at lines 116--116
\TU/SimSun(0)/m/n/10.95 妯?鏉裤€亅

Underfull \hbox (badness 10000) in paragraph at lines 116--116
\TU/SimSun(0)/m/n/10.95 璋?鐢?

Underfull \hbox (badness 10000) in paragraph at lines 116--116
[]|\TU/SimSun(0)/m/n/10.95 缁?棰?鎶?

Underfull \hbox (badness 10000) in paragraph at lines 116--116
\TU/SimSun(0)/m/n/10.95 鍛娿€亅  婕?

LaTeX Warning: `h' float specifier changed to `ht'.

[32]

LaTeX Warning: `h' float specifier changed to `ht'.

[33]) (chapters/09_summary.tex
Overfull \hbox (119.66974pt too wide) in paragraph at lines 10--13
[]\TU/SimSun(0)/b/n/12 鏍?蹇?绠?娉曪細|  \TU/SimSun(0)/m/n/12 鍩?浜?\TU/TimesNewRoman(0)
/m/n/12 OR-Tools CP-SAT 9.15 \TU/SimSun(0)/m/n/12 瀹?鐜?浜?鏀?鎸?\TU/TimesNewRoman(0
)/m/n/12 5 \TU/SimSun(0)/m/n/12 濂?绛?鐣? |锛圽TU/TimesNewRoman(0)/m/n/12 balanced/s
tudent/teacher/efficiency/reschedule\TU/SimSun(0)/m/n/12 锛墊
[34] [35]) (chapters/appendix.tex

Package hyperref Warning: Token not allowed in a PDF string (Unicode):
(hyperref)                \hskip 12.0pt
(hyperref)                replaced by space on input line 3.

[36] [37] [38] [39] [40]
Overfull \hbox (3.90332pt too wide) in paragraph at lines 232--233
[]\TU/SimSun(0)/b/n/12 鐢?閫旓細|  \TU/SimSun(0)/m/n/12 鑾?鍙?鍐?绛?椹?椹?鑸?鎵€ 闇€ 鏁?鎹€倈  \TU
/SimSun(0)/b/n/12 鍝?搴旓細|  \TU/SimSun(0)/m/n/12 鍚?鍗?涓?\TU/lmtt/m/n/12 SolveResult
\TU/SimSun(0)/m/n/12 锛寍  棰?澶?鍚?\TU/lmtt/m/n/12 teacher_load
[41] [42] [43] [44] [45] [46] [47]

LaTeX Warning: `h' float specifier changed to `ht'.

) (chapters/bib.tex [48]
Overfull \hbox (27.23488pt too wide) in paragraph at lines 23--27
[]\TU/TimesNewRoman(0)/m/n/12 Laborie P, Rogerie J, Shaw P, et al. Reasoning wi
th conditional time-intervals[C]//Proceedings
[49]

Package hyperref Warning: Token not allowed in a PDF string (Unicode):
(hyperref)                \hskip 12.0pt
(hyperref)                replaced by space on input line 75.


Overfull \hbox (17.22203pt too wide) in paragraph at lines 83--86
[]\TU/SimSun(0)/m/n/12 鎰?璋?\TU/TimesNewRoman(0)/m/n/12 Python \TU/SimSun(0)/m/n
/12 杞?浠?鍩?閲?浼?缁?鎶?鐨?\TU/TimesNewRoman(0)/m/n/12 Python 3.12 \TU/SimSun(0)/m/n/1
2 瑙?閲?鍣ㄣ€亅  鏍?鍑?搴?\TU/lmtt/m/n/12 unittest / http.server
xelatex : miktex-dvipdfmx: major issue: So far, you have not checked for MiKTeX updates.
所在位置 行:1 字符: 62
+ ... 高途\thesis"; xelatex -interaction=nonstopmode -halt-on-error main.tex  ...
+                 ~~~~~~~~~~~~~~~~~~~~~~~~~~~~~~~~~~~~~~~~~~~~~~~~~~~~~~~~~
    + CategoryInfo          : NotSpecified: (miktex-dvipdfmx...MiKTeX updates.:String) [], RemoteException
    + FullyQualifiedErrorId : NativeCommandError
 
[50]) [51] (main.aux)

LaTeX Warning: Label(s) may have changed. Rerun to get cross-references right.

 )
(see the transcript file for additional information)
Output written on main.pdf (63 pages).
Transcript written on main.log.
xelatex: major issue: So far, you have not checked for MiKTeX updates.
