\BOOKMARK [1][-]{section*.1}{\376\377\144\130\000\040\211\201}{}% 1
\BOOKMARK [1][-]{section*.2}{\376\377\000A\000b\000s\000t\000r\000a\000c\000t}{}% 2
\BOOKMARK [1][-]{section.1}{\376\377\176\352\000\040\213\272}{}% 3
\BOOKMARK [2][-]{subsection.1.1}{\376\377\230\171\166\356\200\314\146\157}{section.1}% 4
\BOOKMARK [3][-]{subsubsection.1.1.1}{\376\377\210\114\116\032\200\314\146\157\377\032\000K\0001\0002\000\040\116\000\133\371\116\000\217\205\133\374\166\204\000"\143\222\213\376\226\276\000"}{subsection.1.1}% 5
\BOOKMARK [3][-]{subsubsection.1.1.2}{\376\377\142\200\147\057\200\314\146\157\377\032\116\316\215\052\137\303\122\060\176\246\147\137\211\304\122\022}{subsection.1.1}% 6
\BOOKMARK [3][-]{subsubsection.1.1.3}{\376\377\230\336\116\146\165\037\140\001\200\314\146\157\377\032\117\116\116\343\170\001\000\040\000+\000\040\131\032\176\364\210\150\150\074\000\040\000+\000\040\155\210\140\157\123\141\162\107}{subsection.1.1}% 7
\BOOKMARK [2][-]{subsection.1.2}{\376\377\230\171\166\356\141\017\116\111}{section.1}% 8
\BOOKMARK [3][-]{subsubsection.1.2.1}{\376\377\164\006\213\272\141\017\116\111}{subsection.1.2}% 9
\BOOKMARK [3][-]{subsubsection.1.2.2}{\376\377\133\236\215\365\141\017\116\111}{subsection.1.2}% 10
\BOOKMARK [2][-]{subsection.1.3}{\376\377\126\375\121\205\131\026\170\024\172\166\163\260\162\266}{section.1}% 11
\BOOKMARK [3][-]{subsubsection.1.3.1}{\376\377\126\375\131\026\170\024\172\166}{subsection.1.3}% 12
\BOOKMARK [3][-]{subsubsection.1.3.2}{\376\377\126\375\121\205\170\024\172\166}{subsection.1.3}% 13
\BOOKMARK [2][-]{subsection.1.4}{\376\377\147\054\230\171\166\356\116\073\211\201\135\345\117\134\116\016\215\041\163\056}{section.1}% 14
\BOOKMARK [2][-]{subsection.1.5}{\376\377\213\272\145\207\176\304\176\307\176\323\147\204}{section.1}% 15
\BOOKMARK [1][-]{section.2}{\376\377\227\000\154\102\122\006\147\220\116\016\123\357\210\114\140\047\170\024\172\166}{}% 16
\BOOKMARK [2][-]{subsection.2.1}{\376\377\230\171\166\356\166\356\150\007}{section.2}% 17
\BOOKMARK [2][-]{subsection.2.2}{\376\377\116\032\122\241\227\000\154\102\122\006\147\220}{section.2}% 18
\BOOKMARK [3][-]{subsubsection.2.2.1}{\376\377\116\032\122\241\133\371\214\141\136\372\152\041}{subsection.2.2}% 19
\BOOKMARK [3][-]{subsubsection.2.2.2}{\376\377\116\032\122\241\155\101\172\013\122\006\147\220}{subsection.2.2}% 20
\BOOKMARK [2][-]{subsection.2.3}{\376\377\122\237\200\375\227\000\154\102}{section.2}% 21
\BOOKMARK [3][-]{subsubsection.2.3.1}{\376\377\150\070\137\303\122\237\200\375}{subsection.2.3}% 22
\BOOKMARK [3][-]{subsubsection.2.3.2}{\376\377\142\151\134\125\122\237\200\375\377\010\173\054\116\214\226\066\153\265\211\304\122\022\377\011}{subsection.2.3}% 23
\BOOKMARK [2][-]{subsection.2.4}{\376\377\227\136\122\237\200\375\227\000\154\102}{section.2}% 24
\BOOKMARK [2][-]{subsection.2.5}{\376\377\123\357\210\114\140\047\170\024\172\166}{section.2}% 25
\BOOKMARK [3][-]{subsubsection.2.5.1}{\376\377\142\200\147\057\123\357\210\114\140\047}{subsection.2.5}% 26
\BOOKMARK [3][-]{subsubsection.2.5.2}{\376\377\176\317\155\116\123\357\210\114\140\047}{subsection.2.5}% 27
\BOOKMARK [3][-]{subsubsection.2.5.3}{\376\377\171\076\117\032\123\357\210\114\140\047}{subsection.2.5}% 28
\BOOKMARK [3][-]{subsubsection.2.5.4}{\376\377\154\325\137\213\116\016\124\010\211\304\123\357\210\114\140\047}{subsection.2.5}% 29
\BOOKMARK [1][-]{section.3}{\376\377\121\163\225\056\142\200\147\057\176\374\217\360}{}% 30
\BOOKMARK [2][-]{subsection.3.1}{\376\377\176\246\147\137\211\304\122\022\377\010\000C\000o\000n\000s\000t\000r\000a\000i\000n\000t\000\040\000P\000r\000o\000g\000r\000a\000m\000m\000i\000n\000g\377\011}{section.3}% 31
\BOOKMARK [3][-]{subsubsection.3.1.1}{\376\377\127\372\147\054\151\202\137\365}{subsection.3.1}% 32
\BOOKMARK [3][-]{subsubsection.3.1.2}{\376\377\143\222\213\376\225\356\230\230\116\055\166\204\000\040\000C\000P\000\040\136\372\152\041}{subsection.3.1}% 33
\BOOKMARK [2][-]{subsection.3.2}{\376\377\000O\000R\000-\000T\000o\000o\000l\000s\000\040\154\102\211\343\126\150}{section.3}% 34
\BOOKMARK [3][-]{subsubsection.3.2.1}{\376\377\230\171\166\356\151\202\121\265}{subsection.3.2}% 35
\BOOKMARK [3][-]{subsubsection.3.2.2}{\376\377\000P\000y\000t\000h\000o\000n\000\040\000A\000P\000I\000\040\173\200\116\313}{subsection.3.2}% 36
\BOOKMARK [3][-]{subsubsection.3.2.3}{\376\377\147\054\230\171\166\356\133\371\000\040\000O\000R\000-\000T\000o\000o\000l\000s\000\040\166\204\117\177\165\050\145\271\137\017}{subsection.3.2}% 37
\BOOKMARK [2][-]{subsection.3.3}{\376\377\000P\000y\000t\000h\000o\000n\000\040\145\160\143\156\174\173\377\010\000d\000a\000t\000a\000c\000l\000a\000s\000s\377\011}{section.3}% 38
\BOOKMARK [2][-]{subsection.3.4}{\376\377\000P\000y\000t\000h\000o\000n\000\040\150\007\121\306\136\223\000\040\000H\000T\000T\000P\000\040\147\015\122\241}{section.3}% 39
\BOOKMARK [2][-]{subsection.3.5}{\376\377\000J\000S\000O\000N\000\040\145\160\143\156\150\074\137\017}{section.3}% 40
\BOOKMARK [2][-]{subsection.3.6}{\376\377\123\237\165\037\122\115\172\357\142\200\147\057\150\010}{section.3}% 41
\BOOKMARK [2][-]{subsection.3.7}{\376\377\000G\000i\000t\000H\000u\000b\000\040\000A\000c\000t\000i\000o\000n\000s\000\040\143\001\176\355\226\306\142\020}{section.3}% 42
\BOOKMARK [2][-]{subsection.3.8}{\376\377\147\054\172\340\134\017\176\323}{section.3}% 43
\BOOKMARK [1][-]{section.4}{\376\377\140\073\117\123\213\276\213\241}{}% 44
\BOOKMARK [2][-]{subsection.4.1}{\376\377\213\276\213\241\123\237\122\031}{section.4}% 45
\BOOKMARK [2][-]{subsection.4.2}{\376\377\174\373\176\337\147\266\147\204}{section.4}% 46
\BOOKMARK [3][-]{subsubsection.4.2.1}{\376\377\122\115\172\357\134\102}{subsection.4.2}% 47
\BOOKMARK [3][-]{subsubsection.4.2.2}{\376\377\124\016\172\357\134\102}{subsection.4.2}% 48
\BOOKMARK [2][-]{subsection.4.3}{\376\377\145\160\143\156\155\101}{section.4}% 49
\BOOKMARK [2][-]{subsection.4.4}{\376\377\152\041\127\127\143\245\123\343\213\276\213\241}{section.4}% 50
\BOOKMARK [3][-]{subsubsection.4.4.1}{\376\377\000m\000o\000d\000e\000l\000s\000.\000P\000r\000o\000b\000l\000e\000m\000\040\121\163\225\056\133\127\153\265}{subsection.4.4}% 51
\BOOKMARK [3][-]{subsubsection.4.4.2}{\376\377\000S\000o\000l\000v\000e\000R\000e\000s\000u\000l\000t\000\040\121\163\225\056\133\127\153\265}{subsection.4.4}% 52
\BOOKMARK [2][-]{subsection.4.5}{\376\377\142\200\147\057\220\011\127\213\133\371\153\324}{section.4}% 53
\BOOKMARK [2][-]{subsection.4.6}{\376\377\147\054\172\340\134\017\176\323}{section.4}% 54
\BOOKMARK [1][-]{section.5}{\376\377\150\070\137\303\173\227\154\325\213\276\213\241\116\016\133\236\163\260}{}% 55
\BOOKMARK [2][-]{subsection.5.1}{\376\377\225\356\230\230\137\142\137\017\123\026}{section.5}% 56
\BOOKMARK [3][-]{subsubsection.5.1.1}{\376\377\217\223\121\145}{subsection.5.1}% 57
\BOOKMARK [3][-]{subsubsection.5.1.2}{\376\377\121\263\173\126\123\330\221\317}{subsection.5.1}% 58
\BOOKMARK [3][-]{subsubsection.5.1.3}{\376\377\170\154\176\246\147\137}{subsection.5.1}% 59
\BOOKMARK [3][-]{subsubsection.5.1.4}{\376\377\217\157\166\356\150\007}{subsection.5.1}% 60
\BOOKMARK [2][-]{subsection.5.2}{\376\377\173\126\165\145\147\103\221\315\210\150}{section.5}% 61
\BOOKMARK [2][-]{subsection.5.3}{\376\377\172\063\133\232\140\047\217\157\166\356\150\007\166\204\176\277\140\047\123\026}{section.5}% 62
\BOOKMARK [2][-]{subsection.5.4}{\376\377\147\000\134\017\137\161\124\315\214\003\213\376\173\227\154\325}{section.5}% 63
\BOOKMARK [3][-]{subsubsection.5.4.1}{\376\377\173\227\154\325\153\145\232\244}{subsection.5.4}% 64
\BOOKMARK [3][-]{subsubsection.5.4.2}{\376\377\121\163\225\056\213\276\213\241\160\271}{subsection.5.4}% 65
\BOOKMARK [2][-]{subsection.5.5}{\376\377\116\015\123\357\210\114\213\312\145\255}{section.5}% 66
\BOOKMARK [2][-]{subsection.5.6}{\376\377\173\227\154\325\131\015\147\102\136\246\122\006\147\220}{section.5}% 67
\BOOKMARK [3][-]{subsubsection.5.6.1}{\376\377\123\330\221\317\145\160}{subsection.5.6}% 68
\BOOKMARK [3][-]{subsubsection.5.6.2}{\376\377\154\102\211\343\145\366\225\364}{subsection.5.6}% 69
\BOOKMARK [3][-]{subsubsection.5.6.3}{\376\377\131\015\147\102\136\246\116\012\165\114}{subsection.5.6}% 70
\BOOKMARK [2][-]{subsection.5.7}{\376\377\173\227\154\325\153\143\170\156\140\047\213\301\146\016}{section.5}% 71
\BOOKMARK [3][-]{subsubsection.5.7.1}{\376\377\170\154\176\246\147\137\116\045\150\074\140\047}{subsection.5.7}% 72
\BOOKMARK [3][-]{subsubsection.5.7.2}{\376\377\217\157\166\356\150\007\147\000\117\030\140\047}{subsection.5.7}% 73
\BOOKMARK [2][-]{subsection.5.8}{\376\377\147\054\172\340\134\017\176\323}{section.5}% 74
\BOOKMARK [1][-]{section.6}{\376\377\174\373\176\337\213\346\176\306\213\276\213\241\116\016\133\236\163\260}{}% 75
\BOOKMARK [2][-]{subsection.6.1}{\376\377\154\102\211\343\126\150\133\236\163\260}{section.6}% 76
\BOOKMARK [3][-]{subsubsection.6.1.1}{\376\377\000s\000o\000l\000v\000e\000\137\000s\000c\000h\000e\000d\000u\000l\000e\000\040\116\073\155\101\172\013}{subsection.6.1}% 77
\BOOKMARK [3][-]{subsubsection.6.1.2}{\376\377\213\304\122\006\123\141\133\236\163\260}{subsection.6.1}% 78
\BOOKMARK [2][-]{subsection.6.2}{\376\377\000R\000E\000S\000T\000\040\000A\000P\000I\000\040\133\236\163\260}{section.6}% 79
\BOOKMARK [3][-]{subsubsection.6.2.1}{\376\377\172\357\160\271\156\005\123\125}{subsection.6.2}% 80
\BOOKMARK [3][-]{subsubsection.6.2.2}{\376\377\176\337\116\000\000\040\000J\000S\000O\000N\000\040\136\217\122\027\123\026}{subsection.6.2}% 81
\BOOKMARK [2][-]{subsection.6.3}{\376\377\122\115\172\357\133\236\163\260}{section.6}% 82
\BOOKMARK [3][-]{subsubsection.6.3.1}{\376\377\121\263\173\126\232\176\232\166\202\061\377\010\000i\000n\000d\000e\000x\000.\000h\000t\000m\000l\377\011}{subsection.6.3}% 83
\BOOKMARK [3][-]{subsubsection.6.3.2}{\376\377\146\172\200\375\143\222\213\376\230\165\377\010\000s\000c\000h\000e\000d\000u\000l\000e\000.\000h\000t\000m\000l\377\011}{subsection.6.3}% 84
\BOOKMARK [3][-]{subsubsection.6.3.3}{\376\377\214\003\213\376\116\055\137\303\377\010\000r\000e\000s\000c\000h\000e\000d\000u\000l\000e\000.\000h\000t\000m\000l\377\011}{subsection.6.3}% 85
\BOOKMARK [3][-]{subsubsection.6.3.4}{\376\377\215\104\156\220\151\202\211\310\377\010\000r\000e\000s\000o\000u\000r\000c\000e\000s\000.\000h\000t\000m\000l\377\011}{subsection.6.3}% 86
\BOOKMARK [2][-]{subsection.6.4}{\376\377\124\057\122\250\201\032\147\054}{section.6}% 87
\BOOKMARK [3][-]{subsubsection.6.4.1}{\376\377\116\000\225\056\124\057\122\250\000\040\000l\000a\000u\000n\000c\000h\000\137\000c\000l\000a\000s\000s\000m\000i\000n\000d\000.\000b\000a\000t}{subsection.6.4}% 88
\BOOKMARK [3][-]{subsubsection.6.4.2}{\376\377\120\134\153\142\201\032\147\054\000\040\000s\000t\000o\000p\000\137\000c\000l\000a\000s\000s\000m\000i\000n\000d\000.\000b\000a\000t}{subsection.6.4}% 89
\BOOKMARK [2][-]{subsection.6.5}{\376\377\000C\000I\000\040\221\115\177\156}{section.6}% 90
\BOOKMARK [2][-]{subsection.6.6}{\376\377\147\054\172\340\134\017\176\323}{section.6}% 91
\BOOKMARK [1][-]{section.7}{\376\377\155\113\213\325\116\016\176\323\147\234\122\006\147\220}{}% 92
\BOOKMARK [2][-]{subsection.7.1}{\376\377\155\113\213\325\173\126\165\145}{section.7}% 93
\BOOKMARK [2][-]{subsection.7.2}{\376\377\123\125\121\103\155\113\213\325\211\206\166\326}{section.7}% 94
\BOOKMARK [3][-]{subsubsection.7.2.1}{\376\377\145\260\130\236\166\204\121\163\225\056\155\113\213\325\165\050\117\213}{subsection.7.2}% 95
\BOOKMARK [2][-]{subsection.7.3}{\376\377\226\306\142\020\155\113\213\325}{section.7}% 96
\BOOKMARK [3][-]{subsubsection.7.3.1}{\376\377\155\113\213\325\147\266\147\204}{subsection.7.3}% 97
\BOOKMARK [3][-]{subsubsection.7.3.2}{\376\377\155\113\213\325\165\050\117\213}{subsection.7.3}% 98
\BOOKMARK [2][-]{subsection.7.4}{\376\377\140\047\200\375\155\113\213\325}{section.7}% 99
\BOOKMARK [3][-]{subsubsection.7.4.1}{\376\377\154\102\211\343\145\366\225\364}{subsection.7.4}% 100
\BOOKMARK [3][-]{subsubsection.7.4.2}{\376\377\142\151\134\125\140\047\155\113\213\325}{subsection.7.4}% 101
\BOOKMARK [2][-]{subsection.7.5}{\376\377\116\011\131\127\145\271\150\110\133\371\153\324}{section.7}% 102
\BOOKMARK [2][-]{subsection.7.6}{\376\377\000C\000I\000\040\155\101\154\064\176\277}{section.7}% 103
\BOOKMARK [2][-]{subsection.7.7}{\376\377\135\362\167\345\225\356\230\230\116\016\226\120\122\066}{section.7}% 104
\BOOKMARK [2][-]{subsection.7.8}{\376\377\147\054\172\340\134\017\176\323}{section.7}% 105
\BOOKMARK [1][-]{section.8}{\376\377\230\171\166\356\173\241\164\006\116\016\217\333\136\246\213\241\122\022}{}% 106
\BOOKMARK [2][-]{subsection.8.1}{\376\377\126\342\226\037\122\006\135\345}{section.8}% 107
\BOOKMARK [2][-]{subsection.8.2}{\376\377\217\333\136\246\213\241\122\022}{section.8}% 108
\BOOKMARK [2][-]{subsection.8.3}{\376\377\173\054\116\214\226\066\153\265\211\304\122\022}{section.8}% 109
\BOOKMARK [2][-]{subsection.8.4}{\376\377\230\316\226\151\116\016\133\371\173\126}{section.8}% 110
\BOOKMARK [2][-]{subsection.8.5}{\376\377\147\054\172\340\134\017\176\323}{section.8}% 111
\BOOKMARK [1][-]{section.9}{\376\377\140\073\176\323\116\016\134\125\147\033}{}% 112
\BOOKMARK [2][-]{subsection.9.1}{\376\377\173\054\116\000\226\066\153\265\142\020\147\234\140\073\176\323}{section.9}% 113
\BOOKMARK [2][-]{subsection.9.2}{\376\377\142\200\147\057\122\033\145\260\160\271}{section.9}% 114
\BOOKMARK [2][-]{subsection.9.3}{\376\377\136\224\165\050\116\367\120\074}{section.9}% 115
\BOOKMARK [2][-]{subsection.9.4}{\376\377\133\130\127\050\166\204\116\015\215\263}{section.9}% 116
\BOOKMARK [2][-]{subsection.9.5}{\376\377\173\054\116\214\226\066\153\265\134\125\147\033}{section.9}% 117
\BOOKMARK [2][-]{subsection.9.6}{\376\377\116\052\116\272\145\066\203\267}{section.9}% 118
\BOOKMARK [2][-]{subsection.9.7}{\376\377\147\054\172\340\134\017\176\323}{section.9}% 119
\BOOKMARK [1][-]{section*.29}{\376\377\226\104\000\040\137\125}{}% 120
\BOOKMARK [2][-]{subsection*.30}{\376\377\226\104\137\125\000\040\000A\377\032\150\070\137\303\145\160\143\156\174\173\133\232\116\111}{section*.29}% 121
\BOOKMARK [2][-]{subsection*.31}{\376\377\226\104\137\125\000\040\000B\377\032\157\024\171\072\145\160\143\156\171\072\117\213\377\010\202\202\220\011\377\011}{section*.29}% 122
\BOOKMARK [2][-]{subsection*.32}{\376\377\226\104\137\125\000\040\000C\377\032\000A\000P\000I\000\040\143\245\123\343\213\346\176\306\133\232\116\111}{section*.29}% 123
\BOOKMARK [2][-]{subsection*.38}{\376\377\226\104\137\125\000\040\000D\377\032\133\214\145\164\156\220\170\001}{section*.29}% 124
\BOOKMARK [2][-]{subsection*.39}{\376\377\226\104\137\125\000\040\000E\377\032\147\057\213\355\210\150}{section*.29}% 125
\BOOKMARK [1][-]{section*.41}{\376\377\123\302\200\003\145\207\163\056}{}% 126
\BOOKMARK [1][-]{section*.42}{\376\377\201\364\000\040\214\042}{}% 127
